{"/home/runner/work/ht.dev/ht.dev/svelteapp/src/utils.js": {"path":"/home/runner/work/ht.dev/ht.dev/svelteapp/src/utils.js","statementMap":{"0":{"start":{"line":1,"column":21},"end":{"line":8,"column":1}},"1":{"start":{"line":2,"column":19},"end":{"line":2,"column":68}},"2":{"start":{"line":3,"column":24},"end":{"line":3,"column":70}},"3":{"start":{"line":4,"column":4},"end":{"line":6,"column":5}},"4":{"start":{"line":5,"column":8},"end":{"line":5,"column":32}},"5":{"start":{"line":7,"column":4},"end":{"line":7,"column":23}},"6":{"start":{"line":10,"column":30},"end":{"line":24,"column":1}},"7":{"start":{"line":12,"column":4},"end":{"line":17,"column":5}},"8":{"start":{"line":13,"column":8},"end":{"line":13,"column":28}},"9":{"start":{"line":16,"column":8},"end":{"line":16,"column":61}},"10":{"start":{"line":18,"column":4},"end":{"line":21,"column":5}},"11":{"start":{"line":19,"column":19},"end":{"line":19,"column":29}},"12":{"start":{"line":20,"column":8},"end":{"line":20,"column":61}},"13":{"start":{"line":22,"column":4},"end":{"line":22,"column":32}},"14":{"start":{"line":23,"column":4},"end":{"line":23,"column":19}},"15":{"start":{"line":26,"column":24},"end":{"line":37,"column":1}},"16":{"start":{"line":27,"column":18},"end":{"line":27,"column":20}},"17":{"start":{"line":28,"column":22},"end":{"line":34,"column":5}},"18":{"start":{"line":29,"column":8},"end":{"line":33,"column":9}},"19":{"start":{"line":30,"column":12},"end":{"line":30,"column":28}},"20":{"start":{"line":31,"column":15},"end":{"line":33,"column":9}},"21":{"start":{"line":32,"column":12},"end":{"line":32,"column":62}},"22":{"start":{"line":32,"column":44},"end":{"line":32,"column":60}},"23":{"start":{"line":35,"column":4},"end":{"line":35,"column":19}},"24":{"start":{"line":36,"column":4},"end":{"line":36,"column":17}},"25":{"start":{"line":39,"column":24},"end":{"line":41,"column":1}},"26":{"start":{"line":40,"column":4},"end":{"line":40,"column":54}},"27":{"start":{"line":43,"column":27},"end":{"line":55,"column":1}},"28":{"start":{"line":44,"column":16},"end":{"line":44,"column":31}},"29":{"start":{"line":45,"column":4},"end":{"line":49,"column":7}},"30":{"start":{"line":46,"column":25},"end":{"line":46,"column":42}},"31":{"start":{"line":47,"column":25},"end":{"line":47,"column":42}},"32":{"start":{"line":48,"column":8},"end":{"line":48,"column":35}},"33":{"start":{"line":50,"column":21},"end":{"line":53,"column":6}},"34":{"start":{"line":51,"column":22},"end":{"line":51,"column":35}},"35":{"start":{"line":52,"column":8},"end":{"line":52,"column":37}},"36":{"start":{"line":54,"column":4},"end":{"line":54,"column":20}}},"fnMap":{"0":{"name":"(anonymous_0)","decl":{"start":{"line":1,"column":21},"end":{"line":1,"column":22}},"loc":{"start":{"line":1,"column":43},"end":{"line":8,"column":1}},"line":1},"1":{"name":"(anonymous_1)","decl":{"start":{"line":10,"column":30},"end":{"line":10,"column":31}},"loc":{"start":{"line":10,"column":39},"end":{"line":24,"column":1}},"line":10},"2":{"name":"(anonymous_2)","decl":{"start":{"line":26,"column":24},"end":{"line":26,"column":25}},"loc":{"start":{"line":26,"column":33},"end":{"line":37,"column":1}},"line":26},"3":{"name":"(anonymous_3)","decl":{"start":{"line":28,"column":22},"end":{"line":28,"column":23}},"loc":{"start":{"line":28,"column":31},"end":{"line":34,"column":5}},"line":28},"4":{"name":"(anonymous_4)","decl":{"start":{"line":32,"column":33},"end":{"line":32,"column":34}},"loc":{"start":{"line":32,"column":44},"end":{"line":32,"column":60}},"line":32},"5":{"name":"(anonymous_5)","decl":{"start":{"line":39,"column":24},"end":{"line":39,"column":25}},"loc":{"start":{"line":39,"column":34},"end":{"line":41,"column":1}},"line":39},"6":{"name":"(anonymous_6)","decl":{"start":{"line":43,"column":27},"end":{"line":43,"column":28}},"loc":{"start":{"line":43,"column":43},"end":{"line":55,"column":1}},"line":43},"7":{"name":"(anonymous_7)","decl":{"start":{"line":45,"column":13},"end":{"line":45,"column":14}},"loc":{"start":{"line":45,"column":23},"end":{"line":49,"column":5}},"line":45},"8":{"name":"(anonymous_8)","decl":{"start":{"line":50,"column":30},"end":{"line":50,"column":31}},"loc":{"start":{"line":50,"column":39},"end":{"line":53,"column":5}},"line":50}},"branchMap":{"0":{"loc":{"start":{"line":2,"column":19},"end":{"line":2,"column":68}},"type":"cond-expr","locations":[{"start":{"line":2,"column":45},"end":{"line":2,"column":49}},{"start":{"line":2,"column":52},"end":{"line":2,"column":68}}],"line":2},"1":{"loc":{"start":{"line":3,"column":24},"end":{"line":3,"column":70}},"type":"cond-expr","locations":[{"start":{"line":3,"column":31},"end":{"line":3,"column":52}},{"start":{"line":3,"column":55},"end":{"line":3,"column":70}}],"line":3},"2":{"loc":{"start":{"line":4,"column":4},"end":{"line":6,"column":5}},"type":"if","locations":[{"start":{"line":4,"column":4},"end":{"line":6,"column":5}},{"start":{},"end":{}}],"line":4},"3":{"loc":{"start":{"line":12,"column":4},"end":{"line":17,"column":5}},"type":"if","locations":[{"start":{"line":12,"column":4},"end":{"line":17,"column":5}},{"start":{"line":14,"column":11},"end":{"line":17,"column":5}}],"line":12},"4":{"loc":{"start":{"line":18,"column":4},"end":{"line":21,"column":5}},"type":"if","locations":[{"start":{"line":18,"column":4},"end":{"line":21,"column":5}},{"start":{},"end":{}}],"line":18},"5":{"loc":{"start":{"line":29,"column":8},"end":{"line":33,"column":9}},"type":"if","locations":[{"start":{"line":29,"column":8},"end":{"line":33,"column":9}},{"start":{"line":31,"column":15},"end":{"line":33,"column":9}}],"line":29},"6":{"loc":{"start":{"line":31,"column":15},"end":{"line":33,"column":9}},"type":"if","locations":[{"start":{"line":31,"column":15},"end":{"line":33,"column":9}},{"start":{},"end":{}}],"line":31}},"s":{"0":3,"1":6,"2":6,"3":6,"4":4,"5":6,"6":3,"7":4,"8":1,"9":3,"10":4,"11":1,"12":1,"13":4,"14":4,"15":3,"16":2,"17":2,"18":4,"19":3,"20":1,"21":1,"22":2,"23":2,"24":2,"25":3,"26":2,"27":3,"28":1,"29":1,"30":1,"31":1,"32":1,"33":1,"34":1,"35":1,"36":1},"f":{"0":6,"1":4,"2":2,"3":4,"4":2,"5":2,"6":1,"7":1,"8":1},"b":{"0":[4,2],"1":[2,4],"2":[4,2],"3":[1,3],"4":[1,3],"5":[3,1],"6":[1,0]},"inputSourceMap":null,"_coverageSchema":"1a1c01bbd47fc00a2c39e90264f33305004495a9","hash":"c94edf7538c73a91707d17e392a3f156de4f646a"}
,"/home/runner/work/ht.dev/ht.dev/svelteapp/src/routes/api/pbClient.js": {"path":"/home/runner/work/ht.dev/ht.dev/svelteapp/src/routes/api/pbClient.js","statementMap":{"0":{"start":{"line":7,"column":26},"end":{"line":33,"column":1}},"1":{"start":{"line":8,"column":4},"end":{"line":15,"column":5}},"2":{"start":{"line":9,"column":23},"end":{"line":9,"column":59}},"3":{"start":{"line":10,"column":24},"end":{"line":10,"column":30}},"4":{"start":{"line":11,"column":22},"end":{"line":11,"column":60}},"5":{"start":{"line":12,"column":8},"end":{"line":12,"column":63}},"6":{"start":{"line":13,"column":8},"end":{"line":13,"column":50}},"7":{"start":{"line":14,"column":8},"end":{"line":14,"column":40}},"8":{"start":{"line":16,"column":4},"end":{"line":32,"column":5}},"9":{"start":{"line":17,"column":8},"end":{"line":19,"column":9}},"10":{"start":{"line":18,"column":12},"end":{"line":18,"column":84}},"11":{"start":{"line":20,"column":24},"end":{"line":23,"column":10}},"12":{"start":{"line":24,"column":8},"end":{"line":24,"column":36}},"13":{"start":{"line":24,"column":24},"end":{"line":24,"column":34}},"14":{"start":{"line":25,"column":8},"end":{"line":25,"column":100}},"15":{"start":{"line":25,"column":39},"end":{"line":25,"column":98}},"16":{"start":{"line":27,"column":8},"end":{"line":30,"column":10}},"17":{"start":{"line":31,"column":8},"end":{"line":31,"column":43}},"18":{"start":{"line":35,"column":25},"end":{"line":42,"column":1}},"19":{"start":{"line":36,"column":4},"end":{"line":41,"column":5}},"20":{"start":{"line":37,"column":23},"end":{"line":37,"column":67}},"21":{"start":{"line":38,"column":8},"end":{"line":38,"column":30}},"22":{"start":{"line":40,"column":8},"end":{"line":40,"column":18}},"23":{"start":{"line":44,"column":28},"end":{"line":70,"column":1}},"24":{"start":{"line":50,"column":22},"end":{"line":50,"column":35}},"25":{"start":{"line":51,"column":4},"end":{"line":53,"column":5}},"26":{"start":{"line":52,"column":8},"end":{"line":52,"column":56}},"27":{"start":{"line":54,"column":4},"end":{"line":56,"column":7}},"28":{"start":{"line":55,"column":8},"end":{"line":55,"column":32}},"29":{"start":{"line":57,"column":4},"end":{"line":59,"column":5}},"30":{"start":{"line":58,"column":8},"end":{"line":58,"column":119}},"31":{"start":{"line":58,"column":63},"end":{"line":58,"column":117}},"32":{"start":{"line":60,"column":4},"end":{"line":68,"column":5}},"33":{"start":{"line":61,"column":30},"end":{"line":61,"column":32}},"34":{"start":{"line":62,"column":8},"end":{"line":66,"column":11}},"35":{"start":{"line":63,"column":12},"end":{"line":65,"column":13}},"36":{"start":{"line":64,"column":16},"end":{"line":64,"column":52}},"37":{"start":{"line":67,"column":8},"end":{"line":67,"column":29}},"38":{"start":{"line":69,"column":4},"end":{"line":69,"column":21}}},"fnMap":{"0":{"name":"(anonymous_0)","decl":{"start":{"line":7,"column":26},"end":{"line":7,"column":27}},"loc":{"start":{"line":7,"column":102},"end":{"line":33,"column":1}},"line":7},"1":{"name":"(anonymous_1)","decl":{"start":{"line":25,"column":27},"end":{"line":25,"column":28}},"loc":{"start":{"line":25,"column":39},"end":{"line":25,"column":98}},"line":25},"2":{"name":"(anonymous_2)","decl":{"start":{"line":35,"column":25},"end":{"line":35,"column":26}},"loc":{"start":{"line":35,"column":47},"end":{"line":42,"column":1}},"line":35},"3":{"name":"(anonymous_3)","decl":{"start":{"line":44,"column":28},"end":{"line":44,"column":29}},"loc":{"start":{"line":49,"column":6},"end":{"line":70,"column":1}},"line":49},"4":{"name":"(anonymous_4)","decl":{"start":{"line":54,"column":24},"end":{"line":54,"column":25}},"loc":{"start":{"line":54,"column":35},"end":{"line":56,"column":5}},"line":54},"5":{"name":"(anonymous_5)","decl":{"start":{"line":58,"column":52},"end":{"line":58,"column":53}},"loc":{"start":{"line":58,"column":63},"end":{"line":58,"column":117}},"line":58},"6":{"name":"(anonymous_6)","decl":{"start":{"line":62,"column":25},"end":{"line":62,"column":26}},"loc":{"start":{"line":62,"column":34},"end":{"line":66,"column":9}},"line":62}},"branchMap":{"0":{"loc":{"start":{"line":7,"column":57},"end":{"line":7,"column":73}},"type":"default-arg","locations":[{"start":{"line":7,"column":64},"end":{"line":7,"column":73}}],"line":7},"1":{"loc":{"start":{"line":8,"column":4},"end":{"line":15,"column":5}},"type":"if","locations":[{"start":{"line":8,"column":4},"end":{"line":15,"column":5}},{"start":{},"end":{}}],"line":8},"2":{"loc":{"start":{"line":17,"column":8},"end":{"line":19,"column":9}},"type":"if","locations":[{"start":{"line":17,"column":8},"end":{"line":19,"column":9}},{"start":{},"end":{}}],"line":17},"3":{"loc":{"start":{"line":24,"column":8},"end":{"line":24,"column":36}},"type":"if","locations":[{"start":{"line":24,"column":8},"end":{"line":24,"column":36}},{"start":{},"end":{}}],"line":24},"4":{"loc":{"start":{"line":45,"column":12},"end":{"line":48,"column":5}},"type":"default-arg","locations":[{"start":{"line":45,"column":26},"end":{"line":48,"column":5}}],"line":45},"5":{"loc":{"start":{"line":51,"column":4},"end":{"line":53,"column":5}},"type":"if","locations":[{"start":{"line":51,"column":4},"end":{"line":53,"column":5}},{"start":{},"end":{}}],"line":51},"6":{"loc":{"start":{"line":51,"column":20},"end":{"line":51,"column":42}},"type":"binary-expr","locations":[{"start":{"line":51,"column":20},"end":{"line":51,"column":36}},{"start":{"line":51,"column":40},"end":{"line":51,"column":42}}],"line":51},"7":{"loc":{"start":{"line":57,"column":4},"end":{"line":59,"column":5}},"type":"if","locations":[{"start":{"line":57,"column":4},"end":{"line":59,"column":5}},{"start":{},"end":{}}],"line":57},"8":{"loc":{"start":{"line":60,"column":4},"end":{"line":68,"column":5}},"type":"if","locations":[{"start":{"line":60,"column":4},"end":{"line":68,"column":5}},{"start":{},"end":{}}],"line":60},"9":{"loc":{"start":{"line":63,"column":12},"end":{"line":65,"column":13}},"type":"if","locations":[{"start":{"line":63,"column":12},"end":{"line":65,"column":13}},{"start":{},"end":{}}],"line":63}},"s":{"0":1,"1":0,"2":0,"3":0,"4":0,"5":0,"6":0,"7":0,"8":0,"9":0,"10":0,"11":0,"12":0,"13":0,"14":0,"15":0,"16":0,"17":0,"18":1,"19":2,"20":2,"21":1,"22":1,"23":1,"24":6,"25":6,"26":3,"27":6,"28":36,"29":6,"30":3,"31":3,"32":6,"33":2,"34":2,"35":6,"36":4,"37":2,"38":4},"f":{"0":0,"1":0,"2":2,"3":6,"4":36,"5":3,"6":6},"b":{"0":[0],"1":[0,0],"2":[0,0],"3":[0,0],"4":[3],"5":[3,3],"6":[6,3],"7":[3,3],"8":[2,4],"9":[4,2]},"inputSourceMap":null,"_coverageSchema":"1a1c01bbd47fc00a2c39e90264f33305004495a9","hash":"5b5a4cecf6682461a9d712a45cba921d5a67c4eb"}
,"/home/runner/work/ht.dev/ht.dev/svelteapp/src/routes/api/achievements/+server.js": {"path":"/home/runner/work/ht.dev/ht.dev/svelteapp/src/routes/api/achievements/+server.js","statementMap":{"0":{"start":{"line":9,"column":20},"end":{"line":13,"column":1}},"1":{"start":{"line":10,"column":4},"end":{"line":12,"column":7}},"2":{"start":{"line":15,"column":19},"end":{"line":19,"column":1}},"3":{"start":{"line":16,"column":4},"end":{"line":18,"column":7}},"4":{"start":{"line":21,"column":22},"end":{"line":25,"column":1}},"5":{"start":{"line":22,"column":4},"end":{"line":24,"column":7}},"6":{"start":{"line":27,"column":19},"end":{"line":40,"column":1}},"7":{"start":{"line":28,"column":4},"end":{"line":32,"column":5}},"8":{"start":{"line":29,"column":23},"end":{"line":29,"column":59}},"9":{"start":{"line":30,"column":24},"end":{"line":30,"column":30}},"10":{"start":{"line":31,"column":8},"end":{"line":31,"column":70}},"11":{"start":{"line":34,"column":19},"end":{"line":34,"column":46}},"12":{"start":{"line":35,"column":19},"end":{"line":35,"column":33}},"13":{"start":{"line":36,"column":25},"end":{"line":36,"column":47}},"14":{"start":{"line":37,"column":21},"end":{"line":37,"column":63}},"15":{"start":{"line":38,"column":4},"end":{"line":38,"column":61}},"16":{"start":{"line":39,"column":4},"end":{"line":39,"column":20}}},"fnMap":{"0":{"name":"(anonymous_0)","decl":{"start":{"line":9,"column":20},"end":{"line":9,"column":21}},"loc":{"start":{"line":9,"column":26},"end":{"line":13,"column":1}},"line":9},"1":{"name":"(anonymous_1)","decl":{"start":{"line":15,"column":19},"end":{"line":15,"column":20}},"loc":{"start":{"line":15,"column":25},"end":{"line":19,"column":1}},"line":15},"2":{"name":"(anonymous_2)","decl":{"start":{"line":21,"column":22},"end":{"line":21,"column":23}},"loc":{"start":{"line":21,"column":28},"end":{"line":25,"column":1}},"line":21},"3":{"name":"(anonymous_3)","decl":{"start":{"line":27,"column":19},"end":{"line":27,"column":20}},"loc":{"start":{"line":27,"column":43},"end":{"line":40,"column":1}},"line":27}},"branchMap":{"0":{"loc":{"start":{"line":28,"column":4},"end":{"line":32,"column":5}},"type":"if","locations":[{"start":{"line":28,"column":4},"end":{"line":32,"column":5}},{"start":{},"end":{}}],"line":28}},"s":{"0":1,"1":1,"2":1,"3":1,"4":1,"5":1,"6":1,"7":1,"8":0,"9":0,"10":0,"11":1,"12":1,"13":1,"14":1,"15":1,"16":1},"f":{"0":1,"1":1,"2":1,"3":1},"b":{"0":[0,1]},"inputSourceMap":null,"_coverageSchema":"1a1c01bbd47fc00a2c39e90264f33305004495a9","hash":"79671188d043a6e2e052c65f300fd3a8d2961dea"}
,"/home/runner/work/ht.dev/ht.dev/svelteapp/src/routes/api/admin/+server.js": {"path":"/home/runner/work/ht.dev/ht.dev/svelteapp/src/routes/api/admin/+server.js","statementMap":{"0":{"start":{"line":4,"column":19},"end":{"line":8,"column":1}},"1":{"start":{"line":5,"column":4},"end":{"line":7,"column":7}},"2":{"start":{"line":10,"column":19},"end":{"line":14,"column":1}},"3":{"start":{"line":11,"column":4},"end":{"line":13,"column":7}},"4":{"start":{"line":16,"column":22},"end":{"line":20,"column":1}},"5":{"start":{"line":17,"column":4},"end":{"line":19,"column":7}},"6":{"start":{"line":22,"column":20},"end":{"line":47,"column":1}},"7":{"start":{"line":23,"column":4},"end":{"line":30,"column":5}},"8":{"start":{"line":24,"column":23},"end":{"line":24,"column":59}},"9":{"start":{"line":25,"column":24},"end":{"line":25,"column":30}},"10":{"start":{"line":26,"column":8},"end":{"line":26,"column":44}},"11":{"start":{"line":27,"column":8},"end":{"line":27,"column":44}},"12":{"start":{"line":28,"column":8},"end":{"line":28,"column":29}},"13":{"start":{"line":29,"column":8},"end":{"line":29,"column":29}},"14":{"start":{"line":32,"column":35},"end":{"line":32,"column":55}},"15":{"start":{"line":33,"column":4},"end":{"line":38,"column":5}},"16":{"start":{"line":34,"column":8},"end":{"line":37,"column":11}},"17":{"start":{"line":39,"column":4},"end":{"line":44,"column":5}},"18":{"start":{"line":40,"column":8},"end":{"line":43,"column":11}},"19":{"start":{"line":45,"column":24},"end":{"line":45,"column":58}},"20":{"start":{"line":46,"column":4},"end":{"line":46,"column":77}}},"fnMap":{"0":{"name":"(anonymous_0)","decl":{"start":{"line":4,"column":19},"end":{"line":4,"column":20}},"loc":{"start":{"line":4,"column":25},"end":{"line":8,"column":1}},"line":4},"1":{"name":"(anonymous_1)","decl":{"start":{"line":10,"column":19},"end":{"line":10,"column":20}},"loc":{"start":{"line":10,"column":25},"end":{"line":14,"column":1}},"line":10},"2":{"name":"(anonymous_2)","decl":{"start":{"line":16,"column":22},"end":{"line":16,"column":23}},"loc":{"start":{"line":16,"column":28},"end":{"line":20,"column":1}},"line":16},"3":{"name":"(anonymous_3)","decl":{"start":{"line":22,"column":20},"end":{"line":22,"column":21}},"loc":{"start":{"line":22,"column":91},"end":{"line":47,"column":1}},"line":22}},"branchMap":{"0":{"loc":{"start":{"line":23,"column":4},"end":{"line":30,"column":5}},"type":"if","locations":[{"start":{"line":23,"column":4},"end":{"line":30,"column":5}},{"start":{},"end":{}}],"line":23},"1":{"loc":{"start":{"line":33,"column":4},"end":{"line":38,"column":5}},"type":"if","locations":[{"start":{"line":33,"column":4},"end":{"line":38,"column":5}},{"start":{},"end":{}}],"line":33},"2":{"loc":{"start":{"line":39,"column":4},"end":{"line":44,"column":5}},"type":"if","locations":[{"start":{"line":39,"column":4},"end":{"line":44,"column":5}},{"start":{},"end":{}}],"line":39}},"s":{"0":1,"1":1,"2":1,"3":1,"4":1,"5":1,"6":1,"7":3,"8":0,"9":0,"10":0,"11":0,"12":0,"13":0,"14":3,"15":3,"16":1,"17":2,"18":1,"19":1,"20":1},"f":{"0":1,"1":1,"2":1,"3":3},"b":{"0":[0,3],"1":[1,2],"2":[1,1]},"inputSourceMap":null,"_coverageSchema":"1a1c01bbd47fc00a2c39e90264f33305004495a9","hash":"31b34373b63337e6bc3381cfb3823902f93bdbe8"}
,"/home/runner/work/ht.dev/ht.dev/svelteapp/src/routes/api/education/+server.js": {"path":"/home/runner/work/ht.dev/ht.dev/svelteapp/src/routes/api/education/+server.js","statementMap":{"0":{"start":{"line":9,"column":20},"end":{"line":13,"column":1}},"1":{"start":{"line":10,"column":4},"end":{"line":12,"column":7}},"2":{"start":{"line":15,"column":19},"end":{"line":19,"column":1}},"3":{"start":{"line":16,"column":4},"end":{"line":18,"column":7}},"4":{"start":{"line":21,"column":22},"end":{"line":25,"column":1}},"5":{"start":{"line":22,"column":4},"end":{"line":24,"column":7}},"6":{"start":{"line":27,"column":19},"end":{"line":40,"column":1}},"7":{"start":{"line":28,"column":4},"end":{"line":32,"column":5}},"8":{"start":{"line":29,"column":23},"end":{"line":29,"column":59}},"9":{"start":{"line":30,"column":24},"end":{"line":30,"column":30}},"10":{"start":{"line":31,"column":8},"end":{"line":31,"column":70}},"11":{"start":{"line":34,"column":19},"end":{"line":34,"column":46}},"12":{"start":{"line":35,"column":19},"end":{"line":35,"column":33}},"13":{"start":{"line":36,"column":22},"end":{"line":36,"column":44}},"14":{"start":{"line":37,"column":21},"end":{"line":37,"column":60}},"15":{"start":{"line":38,"column":4},"end":{"line":38,"column":61}},"16":{"start":{"line":39,"column":4},"end":{"line":39,"column":20}}},"fnMap":{"0":{"name":"(anonymous_0)","decl":{"start":{"line":9,"column":20},"end":{"line":9,"column":21}},"loc":{"start":{"line":9,"column":26},"end":{"line":13,"column":1}},"line":9},"1":{"name":"(anonymous_1)","decl":{"start":{"line":15,"column":19},"end":{"line":15,"column":20}},"loc":{"start":{"line":15,"column":25},"end":{"line":19,"column":1}},"line":15},"2":{"name":"(anonymous_2)","decl":{"start":{"line":21,"column":22},"end":{"line":21,"column":23}},"loc":{"start":{"line":21,"column":28},"end":{"line":25,"column":1}},"line":21},"3":{"name":"(anonymous_3)","decl":{"start":{"line":27,"column":19},"end":{"line":27,"column":20}},"loc":{"start":{"line":27,"column":43},"end":{"line":40,"column":1}},"line":27}},"branchMap":{"0":{"loc":{"start":{"line":28,"column":4},"end":{"line":32,"column":5}},"type":"if","locations":[{"start":{"line":28,"column":4},"end":{"line":32,"column":5}},{"start":{},"end":{}}],"line":28}},"s":{"0":1,"1":1,"2":1,"3":1,"4":1,"5":1,"6":1,"7":1,"8":0,"9":0,"10":0,"11":1,"12":1,"13":1,"14":1,"15":1,"16":1},"f":{"0":1,"1":1,"2":1,"3":1},"b":{"0":[0,1]},"inputSourceMap":null,"_coverageSchema":"1a1c01bbd47fc00a2c39e90264f33305004495a9","hash":"e6fe7040478b7e8889c91d68277385b62468c86a"}
,"/home/runner/work/ht.dev/ht.dev/svelteapp/src/routes/api/experience/+server.js": {"path":"/home/runner/work/ht.dev/ht.dev/svelteapp/src/routes/api/experience/+server.js","statementMap":{"0":{"start":{"line":9,"column":20},"end":{"line":13,"column":1}},"1":{"start":{"line":10,"column":4},"end":{"line":12,"column":7}},"2":{"start":{"line":15,"column":19},"end":{"line":19,"column":1}},"3":{"start":{"line":16,"column":4},"end":{"line":18,"column":7}},"4":{"start":{"line":21,"column":22},"end":{"line":25,"column":1}},"5":{"start":{"line":22,"column":4},"end":{"line":24,"column":7}},"6":{"start":{"line":27,"column":19},"end":{"line":40,"column":1}},"7":{"start":{"line":28,"column":4},"end":{"line":32,"column":5}},"8":{"start":{"line":29,"column":23},"end":{"line":29,"column":59}},"9":{"start":{"line":30,"column":24},"end":{"line":30,"column":30}},"10":{"start":{"line":31,"column":8},"end":{"line":31,"column":70}},"11":{"start":{"line":34,"column":19},"end":{"line":34,"column":46}},"12":{"start":{"line":35,"column":19},"end":{"line":35,"column":33}},"13":{"start":{"line":36,"column":23},"end":{"line":36,"column":45}},"14":{"start":{"line":37,"column":21},"end":{"line":37,"column":61}},"15":{"start":{"line":38,"column":4},"end":{"line":38,"column":61}},"16":{"start":{"line":39,"column":4},"end":{"line":39,"column":20}}},"fnMap":{"0":{"name":"(anonymous_0)","decl":{"start":{"line":9,"column":20},"end":{"line":9,"column":21}},"loc":{"start":{"line":9,"column":26},"end":{"line":13,"column":1}},"line":9},"1":{"name":"(anonymous_1)","decl":{"start":{"line":15,"column":19},"end":{"line":15,"column":20}},"loc":{"start":{"line":15,"column":25},"end":{"line":19,"column":1}},"line":15},"2":{"name":"(anonymous_2)","decl":{"start":{"line":21,"column":22},"end":{"line":21,"column":23}},"loc":{"start":{"line":21,"column":28},"end":{"line":25,"column":1}},"line":21},"3":{"name":"(anonymous_3)","decl":{"start":{"line":27,"column":19},"end":{"line":27,"column":20}},"loc":{"start":{"line":27,"column":43},"end":{"line":40,"column":1}},"line":27}},"branchMap":{"0":{"loc":{"start":{"line":28,"column":4},"end":{"line":32,"column":5}},"type":"if","locations":[{"start":{"line":28,"column":4},"end":{"line":32,"column":5}},{"start":{},"end":{}}],"line":28}},"s":{"0":1,"1":1,"2":1,"3":1,"4":1,"5":1,"6":1,"7":1,"8":0,"9":0,"10":0,"11":1,"12":1,"13":1,"14":1,"15":1,"16":1},"f":{"0":1,"1":1,"2":1,"3":1},"b":{"0":[0,1]},"inputSourceMap":null,"_coverageSchema":"1a1c01bbd47fc00a2c39e90264f33305004495a9","hash":"612a513af26ea727ef5ca0d4eacc732707260039"}
,"/home/runner/work/ht.dev/ht.dev/svelteapp/src/routes/api/fallbacks/socials.js": {"path":"/home/runner/work/ht.dev/ht.dev/svelteapp/src/routes/api/fallbacks/socials.js","statementMap":{"0":{"start":{"line":1,"column":17},"end":{"line":17,"column":1}}},"fnMap":{},"branchMap":{},"s":{"0":1},"f":{},"b":{},"inputSourceMap":null,"_coverageSchema":"1a1c01bbd47fc00a2c39e90264f33305004495a9","hash":"2f43b115f46844b9eb66b8ea68b4aeccac3c78f1"}
,"/home/runner/work/ht.dev/ht.dev/svelteapp/src/routes/api/projects/+server.js": {"path":"/home/runner/work/ht.dev/ht.dev/svelteapp/src/routes/api/projects/+server.js","statementMap":{"0":{"start":{"line":9,"column":20},"end":{"line":13,"column":1}},"1":{"start":{"line":10,"column":4},"end":{"line":12,"column":7}},"2":{"start":{"line":15,"column":19},"end":{"line":19,"column":1}},"3":{"start":{"line":16,"column":4},"end":{"line":18,"column":7}},"4":{"start":{"line":21,"column":22},"end":{"line":25,"column":1}},"5":{"start":{"line":22,"column":4},"end":{"line":24,"column":7}},"6":{"start":{"line":27,"column":19},"end":{"line":42,"column":1}},"7":{"start":{"line":28,"column":4},"end":{"line":32,"column":5}},"8":{"start":{"line":29,"column":23},"end":{"line":29,"column":59}},"9":{"start":{"line":30,"column":24},"end":{"line":30,"column":30}},"10":{"start":{"line":31,"column":8},"end":{"line":31,"column":70}},"11":{"start":{"line":33,"column":19},"end":{"line":33,"column":46}},"12":{"start":{"line":34,"column":19},"end":{"line":34,"column":33}},"13":{"start":{"line":35,"column":21},"end":{"line":35,"column":43}},"14":{"start":{"line":36,"column":4},"end":{"line":36,"column":50}},"15":{"start":{"line":37,"column":29},"end":{"line":40,"column":6}},"16":{"start":{"line":38,"column":65},"end":{"line":38,"column":72}},"17":{"start":{"line":39,"column":8},"end":{"line":39,"column":20}},"18":{"start":{"line":41,"column":4},"end":{"line":41,"column":58}},"19":{"start":{"line":44,"column":34},"end":{"line":82,"column":1}},"20":{"start":{"line":45,"column":4},"end":{"line":45,"column":68}},"21":{"start":{"line":45,"column":36},"end":{"line":45,"column":54}},"22":{"start":{"line":45,"column":59},"end":{"line":45,"column":66}},"23":{"start":{"line":46,"column":4},"end":{"line":55,"column":5}},"24":{"start":{"line":47,"column":8},"end":{"line":54,"column":9}},"25":{"start":{"line":48,"column":27},"end":{"line":48,"column":63}},"26":{"start":{"line":49,"column":28},"end":{"line":49,"column":34}},"27":{"start":{"line":50,"column":12},"end":{"line":50,"column":37}},"28":{"start":{"line":52,"column":12},"end":{"line":52,"column":23}},"29":{"start":{"line":53,"column":12},"end":{"line":53,"column":31}},"30":{"start":{"line":56,"column":17},"end":{"line":56,"column":39}},"31":{"start":{"line":57,"column":20},"end":{"line":60,"column":5}},"32":{"start":{"line":61,"column":4},"end":{"line":81,"column":5}},"33":{"start":{"line":62,"column":20},"end":{"line":66,"column":10}},"34":{"start":{"line":67,"column":25},"end":{"line":67,"column":41}},"35":{"start":{"line":68,"column":8},"end":{"line":78,"column":11}},"36":{"start":{"line":69,"column":12},"end":{"line":77,"column":13}},"37":{"start":{"line":70,"column":29},"end":{"line":70,"column":48}},"38":{"start":{"line":71,"column":16},"end":{"line":71,"column":59}},"39":{"start":{"line":72,"column":16},"end":{"line":72,"column":79}},"40":{"start":{"line":73,"column":16},"end":{"line":73,"column":48}},"41":{"start":{"line":74,"column":16},"end":{"line":74,"column":71}},"42":{"start":{"line":75,"column":16},"end":{"line":75,"column":57}},"43":{"start":{"line":76,"column":16},"end":{"line":76,"column":67}},"44":{"start":{"line":80,"column":8},"end":{"line":80,"column":53}},"45":{"start":{"line":84,"column":28},"end":{"line":109,"column":1}},"46":{"start":{"line":85,"column":20},"end":{"line":89,"column":6}},"47":{"start":{"line":85,"column":49},"end":{"line":85,"column":67}},"48":{"start":{"line":86,"column":8},"end":{"line":88,"column":11}},"49":{"start":{"line":90,"column":16},"end":{"line":104,"column":10}},"50":{"start":{"line":105,"column":17},"end":{"line":107,"column":6}},"51":{"start":{"line":108,"column":4},"end":{"line":108,"column":16}}},"fnMap":{"0":{"name":"(anonymous_0)","decl":{"start":{"line":9,"column":20},"end":{"line":9,"column":21}},"loc":{"start":{"line":9,"column":26},"end":{"line":13,"column":1}},"line":9},"1":{"name":"(anonymous_1)","decl":{"start":{"line":15,"column":19},"end":{"line":15,"column":20}},"loc":{"start":{"line":15,"column":25},"end":{"line":19,"column":1}},"line":15},"2":{"name":"(anonymous_2)","decl":{"start":{"line":21,"column":22},"end":{"line":21,"column":23}},"loc":{"start":{"line":21,"column":28},"end":{"line":25,"column":1}},"line":21},"3":{"name":"(anonymous_3)","decl":{"start":{"line":27,"column":19},"end":{"line":27,"column":20}},"loc":{"start":{"line":27,"column":50},"end":{"line":42,"column":1}},"line":27},"4":{"name":"(anonymous_4)","decl":{"start":{"line":37,"column":42},"end":{"line":37,"column":43}},"loc":{"start":{"line":37,"column":55},"end":{"line":40,"column":5}},"line":37},"5":{"name":"(anonymous_5)","decl":{"start":{"line":44,"column":34},"end":{"line":44,"column":35}},"loc":{"start":{"line":44,"column":65},"end":{"line":82,"column":1}},"line":44},"6":{"name":"(anonymous_6)","decl":{"start":{"line":45,"column":23},"end":{"line":45,"column":24}},"loc":{"start":{"line":45,"column":36},"end":{"line":45,"column":54}},"line":45},"7":{"name":"(anonymous_7)","decl":{"start":{"line":68,"column":25},"end":{"line":68,"column":26}},"loc":{"start":{"line":68,"column":38},"end":{"line":78,"column":9}},"line":68},"8":{"name":"(anonymous_8)","decl":{"start":{"line":84,"column":28},"end":{"line":84,"column":29}},"loc":{"start":{"line":84,"column":42},"end":{"line":109,"column":1}},"line":84},"9":{"name":"(anonymous_9)","decl":{"start":{"line":85,"column":36},"end":{"line":85,"column":37}},"loc":{"start":{"line":85,"column":49},"end":{"line":85,"column":67}},"line":85},"10":{"name":"(anonymous_10)","decl":{"start":{"line":85,"column":73},"end":{"line":85,"column":74}},"loc":{"start":{"line":85,"column":86},"end":{"line":89,"column":5}},"line":85}},"branchMap":{"0":{"loc":{"start":{"line":28,"column":4},"end":{"line":32,"column":5}},"type":"if","locations":[{"start":{"line":28,"column":4},"end":{"line":32,"column":5}},{"start":{},"end":{}}],"line":28},"1":{"loc":{"start":{"line":45,"column":4},"end":{"line":45,"column":68}},"type":"if","locations":[{"start":{"line":45,"column":4},"end":{"line":45,"column":68}},{"start":{},"end":{}}],"line":45},"2":{"loc":{"start":{"line":46,"column":4},"end":{"line":55,"column":5}},"type":"if","locations":[{"start":{"line":46,"column":4},"end":{"line":55,"column":5}},{"start":{},"end":{}}],"line":46},"3":{"loc":{"start":{"line":69,"column":12},"end":{"line":77,"column":13}},"type":"if","locations":[{"start":{"line":69,"column":12},"end":{"line":77,"column":13}},{"start":{},"end":{}}],"line":69},"4":{"loc":{"start":{"line":71,"column":31},"end":{"line":71,"column":58}},"type":"binary-expr","locations":[{"start":{"line":71,"column":31},"end":{"line":71,"column":41}},{"start":{"line":71,"column":45},"end":{"line":71,"column":58}}],"line":71},"5":{"loc":{"start":{"line":72,"column":38},"end":{"line":72,"column":78}},"type":"binary-expr","locations":[{"start":{"line":72,"column":38},"end":{"line":72,"column":55}},{"start":{"line":72,"column":59},"end":{"line":72,"column":78}}],"line":72},"6":{"loc":{"start":{"line":74,"column":39},"end":{"line":74,"column":70}},"type":"binary-expr","locations":[{"start":{"line":74,"column":39},"end":{"line":74,"column":65}},{"start":{"line":74,"column":69},"end":{"line":74,"column":70}}],"line":74},"7":{"loc":{"start":{"line":75,"column":36},"end":{"line":75,"column":56}},"type":"binary-expr","locations":[{"start":{"line":75,"column":36},"end":{"line":75,"column":51}},{"start":{"line":75,"column":55},"end":{"line":75,"column":56}}],"line":75},"8":{"loc":{"start":{"line":76,"column":41},"end":{"line":76,"column":66}},"type":"binary-expr","locations":[{"start":{"line":76,"column":41},"end":{"line":76,"column":61}},{"start":{"line":76,"column":65},"end":{"line":76,"column":66}}],"line":76}},"s":{"0":1,"1":1,"2":1,"3":1,"4":1,"5":1,"6":1,"7":1,"8":0,"9":0,"10":0,"11":1,"12":1,"13":1,"14":1,"15":1,"16":2,"17":2,"18":1,"19":1,"20":4,"21":4,"22":1,"23":3,"24":0,"25":0,"26":0,"27":0,"28":0,"29":0,"30":3,"31":3,"32":3,"33":3,"34":2,"35":2,"36":3,"37":2,"38":2,"39":2,"40":2,"41":2,"42":2,"43":2,"44":1,"45":1,"46":4,"47":7,"48":5,"49":4,"50":4,"51":4},"f":{"0":1,"1":1,"2":1,"3":1,"4":2,"5":4,"6":4,"7":3,"8":4,"9":7,"10":5},"b":{"0":[0,1],"1":[1,3],"2":[0,3],"3":[2,1],"4":[2,0],"5":[2,0],"6":[2,0],"7":[2,0],"8":[2,0]},"inputSourceMap":null,"_coverageSchema":"1a1c01bbd47fc00a2c39e90264f33305004495a9","hash":"7beca6c7284d016b7ef579a8be4e19466dc1b3e7"}
,"/home/runner/work/ht.dev/ht.dev/svelteapp/src/routes/api/skills/+server.js": {"path":"/home/runner/work/ht.dev/ht.dev/svelteapp/src/routes/api/skills/+server.js","statementMap":{"0":{"start":{"line":9,"column":20},"end":{"line":13,"column":1}},"1":{"start":{"line":10,"column":4},"end":{"line":12,"column":7}},"2":{"start":{"line":15,"column":19},"end":{"line":19,"column":1}},"3":{"start":{"line":16,"column":4},"end":{"line":18,"column":7}},"4":{"start":{"line":21,"column":22},"end":{"line":25,"column":1}},"5":{"start":{"line":22,"column":4},"end":{"line":24,"column":7}},"6":{"start":{"line":27,"column":19},"end":{"line":40,"column":1}},"7":{"start":{"line":28,"column":4},"end":{"line":32,"column":5}},"8":{"start":{"line":29,"column":23},"end":{"line":29,"column":59}},"9":{"start":{"line":30,"column":24},"end":{"line":30,"column":30}},"10":{"start":{"line":31,"column":8},"end":{"line":31,"column":70}},"11":{"start":{"line":34,"column":19},"end":{"line":34,"column":46}},"12":{"start":{"line":35,"column":19},"end":{"line":35,"column":33}},"13":{"start":{"line":36,"column":19},"end":{"line":36,"column":41}},"14":{"start":{"line":37,"column":21},"end":{"line":37,"column":57}},"15":{"start":{"line":38,"column":4},"end":{"line":38,"column":61}},"16":{"start":{"line":39,"column":4},"end":{"line":39,"column":20}}},"fnMap":{"0":{"name":"(anonymous_0)","decl":{"start":{"line":9,"column":20},"end":{"line":9,"column":21}},"loc":{"start":{"line":9,"column":26},"end":{"line":13,"column":1}},"line":9},"1":{"name":"(anonymous_1)","decl":{"start":{"line":15,"column":19},"end":{"line":15,"column":20}},"loc":{"start":{"line":15,"column":25},"end":{"line":19,"column":1}},"line":15},"2":{"name":"(anonymous_2)","decl":{"start":{"line":21,"column":22},"end":{"line":21,"column":23}},"loc":{"start":{"line":21,"column":28},"end":{"line":25,"column":1}},"line":21},"3":{"name":"(anonymous_3)","decl":{"start":{"line":27,"column":19},"end":{"line":27,"column":20}},"loc":{"start":{"line":27,"column":43},"end":{"line":40,"column":1}},"line":27}},"branchMap":{"0":{"loc":{"start":{"line":28,"column":4},"end":{"line":32,"column":5}},"type":"if","locations":[{"start":{"line":28,"column":4},"end":{"line":32,"column":5}},{"start":{},"end":{}}],"line":28}},"s":{"0":1,"1":1,"2":1,"3":1,"4":1,"5":1,"6":1,"7":1,"8":0,"9":0,"10":0,"11":1,"12":1,"13":1,"14":1,"15":1,"16":1},"f":{"0":1,"1":1,"2":1,"3":1},"b":{"0":[0,1]},"inputSourceMap":null,"_coverageSchema":"1a1c01bbd47fc00a2c39e90264f33305004495a9","hash":"1462677018b921f4078568afd666fda65cc12241"}
,"/home/runner/work/ht.dev/ht.dev/svelteapp/src/routes/api/socials/+server.js": {"path":"/home/runner/work/ht.dev/ht.dev/svelteapp/src/routes/api/socials/+server.js","statementMap":{"0":{"start":{"line":9,"column":20},"end":{"line":13,"column":1}},"1":{"start":{"line":10,"column":4},"end":{"line":12,"column":7}},"2":{"start":{"line":15,"column":19},"end":{"line":19,"column":1}},"3":{"start":{"line":16,"column":4},"end":{"line":18,"column":7}},"4":{"start":{"line":21,"column":22},"end":{"line":25,"column":1}},"5":{"start":{"line":22,"column":4},"end":{"line":24,"column":7}},"6":{"start":{"line":27,"column":19},"end":{"line":40,"column":1}},"7":{"start":{"line":28,"column":4},"end":{"line":32,"column":5}},"8":{"start":{"line":29,"column":23},"end":{"line":29,"column":59}},"9":{"start":{"line":30,"column":24},"end":{"line":30,"column":30}},"10":{"start":{"line":31,"column":8},"end":{"line":31,"column":70}},"11":{"start":{"line":34,"column":19},"end":{"line":34,"column":46}},"12":{"start":{"line":35,"column":19},"end":{"line":35,"column":33}},"13":{"start":{"line":36,"column":20},"end":{"line":36,"column":42}},"14":{"start":{"line":37,"column":21},"end":{"line":37,"column":58}},"15":{"start":{"line":38,"column":4},"end":{"line":38,"column":61}},"16":{"start":{"line":39,"column":4},"end":{"line":39,"column":20}}},"fnMap":{"0":{"name":"(anonymous_0)","decl":{"start":{"line":9,"column":20},"end":{"line":9,"column":21}},"loc":{"start":{"line":9,"column":26},"end":{"line":13,"column":1}},"line":9},"1":{"name":"(anonymous_1)","decl":{"start":{"line":15,"column":19},"end":{"line":15,"column":20}},"loc":{"start":{"line":15,"column":25},"end":{"line":19,"column":1}},"line":15},"2":{"name":"(anonymous_2)","decl":{"start":{"line":21,"column":22},"end":{"line":21,"column":23}},"loc":{"start":{"line":21,"column":28},"end":{"line":25,"column":1}},"line":21},"3":{"name":"(anonymous_3)","decl":{"start":{"line":27,"column":19},"end":{"line":27,"column":20}},"loc":{"start":{"line":27,"column":43},"end":{"line":40,"column":1}},"line":27}},"branchMap":{"0":{"loc":{"start":{"line":28,"column":4},"end":{"line":32,"column":5}},"type":"if","locations":[{"start":{"line":28,"column":4},"end":{"line":32,"column":5}},{"start":{},"end":{}}],"line":28}},"s":{"0":1,"1":1,"2":1,"3":1,"4":1,"5":1,"6":1,"7":1,"8":0,"9":0,"10":0,"11":1,"12":1,"13":1,"14":1,"15":1,"16":1},"f":{"0":1,"1":1,"2":1,"3":1},"b":{"0":[0,1]},"inputSourceMap":null,"_coverageSchema":"1a1c01bbd47fc00a2c39e90264f33305004495a9","hash":"4747c927c6af208ce0f4cd2bba93e09511c48eff"}
,"/home/runner/work/ht.dev/ht.dev/svelteapp/src/routes/components/landing/utils.js": {"path":"/home/runner/work/ht.dev/ht.dev/svelteapp/src/routes/components/landing/utils.js","statementMap":{"0":{"start":{"line":2,"column":25},"end":{"line":4,"column":1}},"1":{"start":{"line":3,"column":4},"end":{"line":3,"column":77}},"2":{"start":{"line":3,"column":38},"end":{"line":3,"column":75}},"3":{"start":{"line":3,"column":62},"end":{"line":3,"column":74}},"4":{"start":{"line":6,"column":22},"end":{"line":11,"column":1}},"5":{"start":{"line":7,"column":4},"end":{"line":10,"column":8}},"6":{"start":{"line":7,"column":30},"end":{"line":10,"column":5}},"7":{"start":{"line":13,"column":28},"end":{"line":24,"column":1}},"8":{"start":{"line":14,"column":20},"end":{"line":14,"column":45}},"9":{"start":{"line":15,"column":20},"end":{"line":15,"column":44}},"10":{"start":{"line":16,"column":24},"end":{"line":16,"column":113}},"11":{"start":{"line":16,"column":67},"end":{"line":16,"column":111}},"12":{"start":{"line":17,"column":25},"end":{"line":17,"column":115}},"13":{"start":{"line":17,"column":68},"end":{"line":17,"column":113}},"14":{"start":{"line":18,"column":17},"end":{"line":22,"column":6}},"15":{"start":{"line":19,"column":8},"end":{"line":21,"column":10}},"16":{"start":{"line":20,"column":12},"end":{"line":20,"column":53}},"17":{"start":{"line":23,"column":4},"end":{"line":23,"column":102}},"18":{"start":{"line":26,"column":33},"end":{"line":28,"column":1}},"19":{"start":{"line":27,"column":4},"end":{"line":27,"column":48}},"20":{"start":{"line":30,"column":27},"end":{"line":37,"column":1}},"21":{"start":{"line":31,"column":17},"end":{"line":31,"column":43}},"22":{"start":{"line":33,"column":21},"end":{"line":35,"column":6}},"23":{"start":{"line":34,"column":8},"end":{"line":34,"column":76}},"24":{"start":{"line":36,"column":4},"end":{"line":36,"column":20}}},"fnMap":{"0":{"name":"(anonymous_0)","decl":{"start":{"line":2,"column":25},"end":{"line":2,"column":26}},"loc":{"start":{"line":2,"column":37},"end":{"line":4,"column":1}},"line":2},"1":{"name":"(anonymous_1)","decl":{"start":{"line":3,"column":25},"end":{"line":3,"column":26}},"loc":{"start":{"line":3,"column":38},"end":{"line":3,"column":75}},"line":3},"2":{"name":"(anonymous_2)","decl":{"start":{"line":3,"column":49},"end":{"line":3,"column":50}},"loc":{"start":{"line":3,"column":62},"end":{"line":3,"column":74}},"line":3},"3":{"name":"(anonymous_3)","decl":{"start":{"line":6,"column":22},"end":{"line":6,"column":23}},"loc":{"start":{"line":6,"column":46},"end":{"line":11,"column":1}},"line":6},"4":{"name":"(anonymous_4)","decl":{"start":{"line":7,"column":19},"end":{"line":7,"column":20}},"loc":{"start":{"line":7,"column":30},"end":{"line":10,"column":5}},"line":7},"5":{"name":"(anonymous_5)","decl":{"start":{"line":13,"column":28},"end":{"line":13,"column":29}},"loc":{"start":{"line":13,"column":37},"end":{"line":24,"column":1}},"line":13},"6":{"name":"(anonymous_6)","decl":{"start":{"line":16,"column":56},"end":{"line":16,"column":57}},"loc":{"start":{"line":16,"column":67},"end":{"line":16,"column":111}},"line":16},"7":{"name":"(anonymous_7)","decl":{"start":{"line":17,"column":57},"end":{"line":17,"column":58}},"loc":{"start":{"line":17,"column":68},"end":{"line":17,"column":113}},"line":17},"8":{"name":"(anonymous_8)","decl":{"start":{"line":18,"column":49},"end":{"line":18,"column":50}},"loc":{"start":{"line":19,"column":8},"end":{"line":21,"column":10}},"line":19},"9":{"name":"(anonymous_9)","decl":{"start":{"line":19,"column":40},"end":{"line":19,"column":41}},"loc":{"start":{"line":20,"column":12},"end":{"line":20,"column":53}},"line":20},"10":{"name":"(anonymous_10)","decl":{"start":{"line":26,"column":33},"end":{"line":26,"column":34}},"loc":{"start":{"line":26,"column":39},"end":{"line":28,"column":1}},"line":26},"11":{"name":"(anonymous_11)","decl":{"start":{"line":30,"column":27},"end":{"line":30,"column":28}},"loc":{"start":{"line":30,"column":38},"end":{"line":37,"column":1}},"line":30},"12":{"name":"(anonymous_12)","decl":{"start":{"line":33,"column":31},"end":{"line":33,"column":32}},"loc":{"start":{"line":33,"column":46},"end":{"line":35,"column":5}},"line":33}},"branchMap":{},"s":{"0":1,"1":3,"2":8,"3":19,"4":1,"5":3,"6":15,"7":1,"8":2,"9":2,"10":2,"11":5,"12":2,"13":5,"14":2,"15":5,"16":13,"17":2,"18":1,"19":4,"20":1,"21":1,"22":1,"23":3,"24":1},"f":{"0":3,"1":8,"2":19,"3":3,"4":15,"5":2,"6":5,"7":5,"8":5,"9":13,"10":4,"11":1,"12":3},"b":{},"inputSourceMap":null,"_coverageSchema":"1a1c01bbd47fc00a2c39e90264f33305004495a9","hash":"d58976c9b852d4fe49620217cedbff5312830a6c"}
,"/home/runner/work/ht.dev/ht.dev/svelteapp/src/routes/components/landing/terminal/commandHandler.js": {"path":"/home/runner/work/ht.dev/ht.dev/svelteapp/src/routes/components/landing/terminal/commandHandler.js","statementMap":{"0":{"start":{"line":3,"column":14},"end":{"line":3,"column":15}},"1":{"start":{"line":5,"column":20},"end":{"line":114,"column":1}},"2":{"start":{"line":9,"column":12},"end":{"line":9,"column":22}},"3":{"start":{"line":10,"column":12},"end":{"line":10,"column":79}},"4":{"start":{"line":11,"column":12},"end":{"line":11,"column":22}},"5":{"start":{"line":12,"column":12},"end":{"line":12,"column":72}},"6":{"start":{"line":13,"column":12},"end":{"line":13,"column":22}},"7":{"start":{"line":14,"column":12},"end":{"line":21,"column":15}},"8":{"start":{"line":16,"column":37},"end":{"line":16,"column":88}},"9":{"start":{"line":17,"column":20},"end":{"line":17,"column":37}},"10":{"start":{"line":27,"column":12},"end":{"line":27,"column":22}},"11":{"start":{"line":28,"column":12},"end":{"line":33,"column":15}},"12":{"start":{"line":30,"column":20},"end":{"line":30,"column":45}},"13":{"start":{"line":39,"column":12},"end":{"line":39,"column":30}},"14":{"start":{"line":45,"column":29},"end":{"line":46,"column":60}},"15":{"start":{"line":45,"column":107},"end":{"line":45,"column":114}},"16":{"start":{"line":46,"column":34},"end":{"line":46,"column":59}},"17":{"start":{"line":47,"column":12},"end":{"line":47,"column":22}},"18":{"start":{"line":48,"column":12},"end":{"line":48,"column":74}},"19":{"start":{"line":54,"column":12},"end":{"line":66,"column":13}},"20":{"start":{"line":55,"column":32},"end":{"line":55,"column":49}},"21":{"start":{"line":56,"column":16},"end":{"line":60,"column":17}},"22":{"start":{"line":57,"column":20},"end":{"line":57,"column":30}},"23":{"start":{"line":58,"column":20},"end":{"line":58,"column":118}},"24":{"start":{"line":59,"column":20},"end":{"line":59,"column":27}},"25":{"start":{"line":61,"column":16},"end":{"line":64,"column":17}},"26":{"start":{"line":62,"column":20},"end":{"line":62,"column":30}},"27":{"start":{"line":63,"column":20},"end":{"line":63,"column":78}},"28":{"start":{"line":65,"column":16},"end":{"line":65,"column":23}},"29":{"start":{"line":67,"column":12},"end":{"line":67,"column":22}},"30":{"start":{"line":68,"column":12},"end":{"line":68,"column":101}},"31":{"start":{"line":69,"column":12},"end":{"line":69,"column":22}},"32":{"start":{"line":70,"column":12},"end":{"line":70,"column":90}},"33":{"start":{"line":71,"column":12},"end":{"line":71,"column":22}},"34":{"start":{"line":72,"column":12},"end":{"line":75,"column":15}},"35":{"start":{"line":81,"column":12},"end":{"line":85,"column":13}},"36":{"start":{"line":82,"column":16},"end":{"line":82,"column":26}},"37":{"start":{"line":83,"column":16},"end":{"line":83,"column":112}},"38":{"start":{"line":84,"column":16},"end":{"line":84,"column":23}},"39":{"start":{"line":86,"column":12},"end":{"line":86,"column":41}},"40":{"start":{"line":92,"column":12},"end":{"line":96,"column":13}},"41":{"start":{"line":93,"column":16},"end":{"line":93,"column":26}},"42":{"start":{"line":94,"column":16},"end":{"line":94,"column":107}},"43":{"start":{"line":95,"column":16},"end":{"line":95,"column":23}},"44":{"start":{"line":97,"column":12},"end":{"line":97,"column":54}},"45":{"start":{"line":103,"column":12},"end":{"line":103,"column":22}},"46":{"start":{"line":104,"column":12},"end":{"line":104,"column":74}},"47":{"start":{"line":110,"column":12},"end":{"line":110,"column":22}},"48":{"start":{"line":111,"column":12},"end":{"line":111,"column":99}},"49":{"start":{"line":116,"column":16},"end":{"line":138,"column":1}},"50":{"start":{"line":117,"column":4},"end":{"line":117,"column":41}},"51":{"start":{"line":118,"column":4},"end":{"line":120,"column":7}},"52":{"start":{"line":119,"column":8},"end":{"line":119,"column":36}},"53":{"start":{"line":121,"column":20},"end":{"line":121,"column":51}},"54":{"start":{"line":122,"column":4},"end":{"line":134,"column":5}},"55":{"start":{"line":123,"column":8},"end":{"line":131,"column":9}},"56":{"start":{"line":124,"column":12},"end":{"line":124,"column":22}},"57":{"start":{"line":125,"column":12},"end":{"line":125,"column":106}},"58":{"start":{"line":126,"column":33},"end":{"line":126,"column":88}},"59":{"start":{"line":127,"column":12},"end":{"line":130,"column":13}},"60":{"start":{"line":128,"column":16},"end":{"line":128,"column":26}},"61":{"start":{"line":129,"column":16},"end":{"line":129,"column":102}},"62":{"start":{"line":133,"column":8},"end":{"line":133,"column":55}},"63":{"start":{"line":135,"column":4},"end":{"line":135,"column":14}},"64":{"start":{"line":136,"column":4},"end":{"line":136,"column":80}},"65":{"start":{"line":137,"column":4},"end":{"line":137,"column":18}}},"fnMap":{"0":{"name":"(anonymous_0)","decl":{"start":{"line":8,"column":16},"end":{"line":8,"column":17}},"loc":{"start":{"line":8,"column":28},"end":{"line":22,"column":9}},"line":8},"1":{"name":"(anonymous_1)","decl":{"start":{"line":15,"column":24},"end":{"line":15,"column":25}},"loc":{"start":{"line":15,"column":30},"end":{"line":18,"column":17}},"line":15},"2":{"name":"(anonymous_2)","decl":{"start":{"line":26,"column":16},"end":{"line":26,"column":17}},"loc":{"start":{"line":26,"column":28},"end":{"line":34,"column":9}},"line":26},"3":{"name":"(anonymous_3)","decl":{"start":{"line":29,"column":24},"end":{"line":29,"column":25}},"loc":{"start":{"line":29,"column":30},"end":{"line":31,"column":17}},"line":29},"4":{"name":"(anonymous_4)","decl":{"start":{"line":38,"column":16},"end":{"line":38,"column":17}},"loc":{"start":{"line":38,"column":28},"end":{"line":40,"column":9}},"line":38},"5":{"name":"(anonymous_5)","decl":{"start":{"line":44,"column":16},"end":{"line":44,"column":17}},"loc":{"start":{"line":44,"column":28},"end":{"line":49,"column":9}},"line":44},"6":{"name":"(anonymous_6)","decl":{"start":{"line":45,"column":97},"end":{"line":45,"column":98}},"loc":{"start":{"line":45,"column":107},"end":{"line":45,"column":114}},"line":45},"7":{"name":"(anonymous_7)","decl":{"start":{"line":46,"column":24},"end":{"line":46,"column":25}},"loc":{"start":{"line":46,"column":34},"end":{"line":46,"column":59}},"line":46},"8":{"name":"(anonymous_8)","decl":{"start":{"line":53,"column":16},"end":{"line":53,"column":17}},"loc":{"start":{"line":53,"column":33},"end":{"line":76,"column":9}},"line":53},"9":{"name":"(anonymous_9)","decl":{"start":{"line":80,"column":16},"end":{"line":80,"column":17}},"loc":{"start":{"line":80,"column":39},"end":{"line":87,"column":9}},"line":80},"10":{"name":"(anonymous_10)","decl":{"start":{"line":91,"column":16},"end":{"line":91,"column":17}},"loc":{"start":{"line":91,"column":39},"end":{"line":98,"column":9}},"line":91},"11":{"name":"(anonymous_11)","decl":{"start":{"line":102,"column":16},"end":{"line":102,"column":17}},"loc":{"start":{"line":102,"column":39},"end":{"line":105,"column":9}},"line":102},"12":{"name":"(anonymous_12)","decl":{"start":{"line":109,"column":16},"end":{"line":109,"column":17}},"loc":{"start":{"line":109,"column":33},"end":{"line":112,"column":9}},"line":109},"13":{"name":"(anonymous_13)","decl":{"start":{"line":116,"column":16},"end":{"line":116,"column":17}},"loc":{"start":{"line":116,"column":54},"end":{"line":138,"column":1}},"line":116},"14":{"name":"(anonymous_14)","decl":{"start":{"line":118,"column":19},"end":{"line":118,"column":20}},"loc":{"start":{"line":118,"column":30},"end":{"line":120,"column":5}},"line":118}},"branchMap":{"0":{"loc":{"start":{"line":54,"column":12},"end":{"line":66,"column":13}},"type":"if","locations":[{"start":{"line":54,"column":12},"end":{"line":66,"column":13}},{"start":{},"end":{}}],"line":54},"1":{"loc":{"start":{"line":56,"column":16},"end":{"line":60,"column":17}},"type":"if","locations":[{"start":{"line":56,"column":16},"end":{"line":60,"column":17}},{"start":{},"end":{}}],"line":56},"2":{"loc":{"start":{"line":81,"column":12},"end":{"line":85,"column":13}},"type":"if","locations":[{"start":{"line":81,"column":12},"end":{"line":85,"column":13}},{"start":{},"end":{}}],"line":81},"3":{"loc":{"start":{"line":92,"column":12},"end":{"line":96,"column":13}},"type":"if","locations":[{"start":{"line":92,"column":12},"end":{"line":96,"column":13}},{"start":{},"end":{}}],"line":92},"4":{"loc":{"start":{"line":122,"column":4},"end":{"line":134,"column":5}},"type":"if","locations":[{"start":{"line":122,"column":4},"end":{"line":134,"column":5}},{"start":{"line":132,"column":11},"end":{"line":134,"column":5}}],"line":122},"5":{"loc":{"start":{"line":123,"column":8},"end":{"line":131,"column":9}},"type":"if","locations":[{"start":{"line":123,"column":8},"end":{"line":131,"column":9}},{"start":{},"end":{}}],"line":123},"6":{"loc":{"start":{"line":127,"column":12},"end":{"line":130,"column":13}},"type":"if","locations":[{"start":{"line":127,"column":12},"end":{"line":130,"column":13}},{"start":{},"end":{}}],"line":127}},"s":{"0":1,"1":1,"2":1,"3":1,"4":1,"5":1,"6":1,"7":1,"8":0,"9":0,"10":1,"11":1,"12":0,"13":1,"14":1,"15":2,"16":4,"17":1,"18":1,"19":3,"20":2,"21":2,"22":1,"23":1,"24":1,"25":1,"26":2,"27":2,"28":1,"29":1,"30":1,"31":1,"32":1,"33":1,"34":1,"35":2,"36":1,"37":1,"38":1,"39":1,"40":2,"41":1,"42":1,"43":1,"44":1,"45":1,"46":1,"47":2,"48":2,"49":1,"50":16,"51":16,"52":0,"53":16,"54":16,"55":2,"56":2,"57":2,"58":2,"59":2,"60":1,"61":1,"62":14,"63":16,"64":16,"65":16},"f":{"0":1,"1":0,"2":1,"3":0,"4":1,"5":1,"6":2,"7":4,"8":3,"9":2,"10":2,"11":1,"12":2,"13":16,"14":0},"b":{"0":[2,1],"1":[1,1],"2":[1,1],"3":[1,1],"4":[2,14],"5":[2,0],"6":[1,1]},"inputSourceMap":null,"_coverageSchema":"1a1c01bbd47fc00a2c39e90264f33305004495a9","hash":"6cc9e647666c2088d800f58a159c035c606228bd"}
}
