TN:
SF:src/utils.js
FN:1,(anonymous_0)
FN:10,(anonymous_1)
FN:26,(anonymous_2)
FN:28,(anonymous_3)
FN:32,(anonymous_4)
FN:39,(anonymous_5)
FN:43,(anonymous_6)
FN:45,(anonymous_7)
FN:50,(anonymous_8)
FNF:9
FNH:9
FNDA:6,(anonymous_0)
FNDA:4,(anonymous_1)
FNDA:2,(anonymous_2)
FNDA:4,(anonymous_3)
FNDA:2,(anonymous_4)
FNDA:2,(anonymous_5)
FNDA:1,(anonymous_6)
FNDA:1,(anonymous_7)
FNDA:1,(anonymous_8)
DA:1,3
DA:2,6
DA:3,6
DA:4,6
DA:5,4
DA:7,6
DA:10,3
DA:12,4
DA:13,1
DA:16,3
DA:18,4
DA:19,1
DA:20,1
DA:22,4
DA:23,4
DA:26,3
DA:27,2
DA:28,2
DA:29,4
DA:30,3
DA:31,1
DA:32,2
DA:35,2
DA:36,2
DA:39,3
DA:40,2
DA:43,3
DA:44,1
DA:45,1
DA:46,1
DA:47,1
DA:48,1
DA:50,1
DA:51,1
DA:52,1
DA:54,1
LF:36
LH:36
BRDA:2,0,0,4
BRDA:2,0,1,2
BRDA:3,1,0,2
BRDA:3,1,1,4
BRDA:4,2,0,4
BRDA:4,2,1,2
BRDA:12,3,0,1
BRDA:12,3,1,3
BRDA:18,4,0,1
BRDA:18,4,1,3
BRDA:29,5,0,3
BRDA:29,5,1,1
BRDA:31,6,0,1
BRDA:31,6,1,0
BRF:14
BRH:13
end_of_record
TN:
SF:src/routes/api/pbClient.js
FN:7,(anonymous_0)
FN:25,(anonymous_1)
FN:35,(anonymous_2)
FN:44,(anonymous_3)
FN:54,(anonymous_4)
FN:58,(anonymous_5)
FN:62,(anonymous_6)
FNF:7
FNH:5
FNDA:0,(anonymous_0)
FNDA:0,(anonymous_1)
FNDA:2,(anonymous_2)
FNDA:6,(anonymous_3)
FNDA:36,(anonymous_4)
FNDA:3,(anonymous_5)
FNDA:6,(anonymous_6)
DA:7,1
DA:8,0
DA:9,0
DA:10,0
DA:11,0
DA:12,0
DA:13,0
DA:14,0
DA:16,0
DA:17,0
DA:18,0
DA:20,0
DA:24,0
DA:25,0
DA:27,0
DA:31,0
DA:35,1
DA:36,2
DA:37,2
DA:38,1
DA:40,1
DA:44,1
DA:50,6
DA:51,6
DA:52,3
DA:54,6
DA:55,36
DA:57,6
DA:58,3
DA:60,6
DA:61,2
DA:62,2
DA:63,6
DA:64,4
DA:67,2
DA:69,4
LF:36
LH:21
BRDA:7,0,0,0
BRDA:8,1,0,0
BRDA:8,1,1,0
BRDA:17,2,0,0
BRDA:17,2,1,0
BRDA:24,3,0,0
BRDA:24,3,1,0
BRDA:45,4,0,3
BRDA:51,5,0,3
BRDA:51,5,1,3
BRDA:51,6,0,6
BRDA:51,6,1,3
BRDA:57,7,0,3
BRDA:57,7,1,3
BRDA:60,8,0,2
BRDA:60,8,1,4
BRDA:63,9,0,4
BRDA:63,9,1,2
BRF:18
BRH:11
end_of_record
TN:
SF:src/routes/api/achievements/+server.js
FN:9,(anonymous_0)
FN:15,(anonymous_1)
FN:21,(anonymous_2)
FN:27,(anonymous_3)
FNF:4
FNH:4
FNDA:1,(anonymous_0)
FNDA:1,(anonymous_1)
FNDA:1,(anonymous_2)
FNDA:1,(anonymous_3)
DA:9,1
DA:10,1
DA:15,1
DA:16,1
DA:21,1
DA:22,1
DA:27,1
DA:28,1
DA:29,0
DA:30,0
DA:31,0
DA:34,1
DA:35,1
DA:36,1
DA:37,1
DA:38,1
DA:39,1
LF:17
LH:14
BRDA:28,0,0,0
BRDA:28,0,1,1
BRF:2
BRH:1
end_of_record
TN:
SF:src/routes/api/admin/+server.js
FN:4,(anonymous_0)
FN:10,(anonymous_1)
FN:16,(anonymous_2)
FN:22,(anonymous_3)
FNF:4
FNH:4
FNDA:1,(anonymous_0)
FNDA:1,(anonymous_1)
FNDA:1,(anonymous_2)
FNDA:3,(anonymous_3)
DA:4,1
DA:5,1
DA:10,1
DA:11,1
DA:16,1
DA:17,1
DA:22,1
DA:23,3
DA:24,0
DA:25,0
DA:26,0
DA:27,0
DA:28,0
DA:29,0
DA:32,3
DA:33,3
DA:34,1
DA:39,2
DA:40,1
DA:45,1
DA:46,1
LF:21
LH:15
BRDA:23,0,0,0
BRDA:23,0,1,3
BRDA:33,1,0,1
BRDA:33,1,1,2
BRDA:39,2,0,1
BRDA:39,2,1,1
BRF:6
BRH:5
end_of_record
TN:
SF:src/routes/api/education/+server.js
FN:9,(anonymous_0)
FN:15,(anonymous_1)
FN:21,(anonymous_2)
FN:27,(anonymous_3)
FNF:4
FNH:4
FNDA:1,(anonymous_0)
FNDA:1,(anonymous_1)
FNDA:1,(anonymous_2)
FNDA:1,(anonymous_3)
DA:9,1
DA:10,1
DA:15,1
DA:16,1
DA:21,1
DA:22,1
DA:27,1
DA:28,1
DA:29,0
DA:30,0
DA:31,0
DA:34,1
DA:35,1
DA:36,1
DA:37,1
DA:38,1
DA:39,1
LF:17
LH:14
BRDA:28,0,0,0
BRDA:28,0,1,1
BRF:2
BRH:1
end_of_record
TN:
SF:src/routes/api/experience/+server.js
FN:9,(anonymous_0)
FN:15,(anonymous_1)
FN:21,(anonymous_2)
FN:27,(anonymous_3)
FNF:4
FNH:4
FNDA:1,(anonymous_0)
FNDA:1,(anonymous_1)
FNDA:1,(anonymous_2)
FNDA:1,(anonymous_3)
DA:9,1
DA:10,1
DA:15,1
DA:16,1
DA:21,1
DA:22,1
DA:27,1
DA:28,1
DA:29,0
DA:30,0
DA:31,0
DA:34,1
DA:35,1
DA:36,1
DA:37,1
DA:38,1
DA:39,1
LF:17
LH:14
BRDA:28,0,0,0
BRDA:28,0,1,1
BRF:2
BRH:1
end_of_record
TN:
SF:src/routes/api/fallbacks/socials.js
FNF:0
FNH:0
DA:1,1
LF:1
LH:1
BRF:0
BRH:0
end_of_record
TN:
SF:src/routes/api/projects/+server.js
FN:9,(anonymous_0)
FN:15,(anonymous_1)
FN:21,(anonymous_2)
FN:27,(anonymous_3)
FN:37,(anonymous_4)
FN:44,(anonymous_5)
FN:45,(anonymous_6)
FN:68,(anonymous_7)
FN:84,(anonymous_8)
FN:85,(anonymous_9)
FN:85,(anonymous_10)
FNF:11
FNH:11
FNDA:1,(anonymous_0)
FNDA:1,(anonymous_1)
FNDA:1,(anonymous_2)
FNDA:1,(anonymous_3)
FNDA:2,(anonymous_4)
FNDA:4,(anonymous_5)
FNDA:4,(anonymous_6)
FNDA:3,(anonymous_7)
FNDA:4,(anonymous_8)
FNDA:7,(anonymous_9)
FNDA:5,(anonymous_10)
DA:9,1
DA:10,1
DA:15,1
DA:16,1
DA:21,1
DA:22,1
DA:27,1
DA:28,1
DA:29,0
DA:30,0
DA:31,0
DA:33,1
DA:34,1
DA:35,1
DA:36,1
DA:37,1
DA:38,2
DA:39,2
DA:41,1
DA:44,1
DA:45,4
DA:46,3
DA:47,0
DA:48,0
DA:49,0
DA:50,0
DA:52,0
DA:53,0
DA:56,3
DA:57,3
DA:61,3
DA:62,3
DA:67,2
DA:68,2
DA:69,3
DA:70,2
DA:71,2
DA:72,2
DA:73,2
DA:74,2
DA:75,2
DA:76,2
DA:80,1
DA:84,1
DA:85,7
DA:86,5
DA:90,4
DA:105,4
DA:108,4
LF:49
LH:40
BRDA:28,0,0,0
BRDA:28,0,1,1
BRDA:45,1,0,1
BRDA:45,1,1,3
BRDA:46,2,0,0
BRDA:46,2,1,3
BRDA:69,3,0,2
BRDA:69,3,1,1
BRDA:71,4,0,2
BRDA:71,4,1,0
BRDA:72,5,0,2
BRDA:72,5,1,0
BRDA:74,6,0,2
BRDA:74,6,1,0
BRDA:75,7,0,2
BRDA:75,7,1,0
BRDA:76,8,0,2
BRDA:76,8,1,0
BRF:18
BRH:11
end_of_record
TN:
SF:src/routes/api/skills/+server.js
FN:9,(anonymous_0)
FN:15,(anonymous_1)
FN:21,(anonymous_2)
FN:27,(anonymous_3)
FNF:4
FNH:4
FNDA:1,(anonymous_0)
FNDA:1,(anonymous_1)
FNDA:1,(anonymous_2)
FNDA:1,(anonymous_3)
DA:9,1
DA:10,1
DA:15,1
DA:16,1
DA:21,1
DA:22,1
DA:27,1
DA:28,1
DA:29,0
DA:30,0
DA:31,0
DA:34,1
DA:35,1
DA:36,1
DA:37,1
DA:38,1
DA:39,1
LF:17
LH:14
BRDA:28,0,0,0
BRDA:28,0,1,1
BRF:2
BRH:1
end_of_record
TN:
SF:src/routes/api/socials/+server.js
FN:9,(anonymous_0)
FN:15,(anonymous_1)
FN:21,(anonymous_2)
FN:27,(anonymous_3)
FNF:4
FNH:4
FNDA:1,(anonymous_0)
FNDA:1,(anonymous_1)
FNDA:1,(anonymous_2)
FNDA:1,(anonymous_3)
DA:9,1
DA:10,1
DA:15,1
DA:16,1
DA:21,1
DA:22,1
DA:27,1
DA:28,1
DA:29,0
DA:30,0
DA:31,0
DA:34,1
DA:35,1
DA:36,1
DA:37,1
DA:38,1
DA:39,1
LF:17
LH:14
BRDA:28,0,0,0
BRDA:28,0,1,1
BRF:2
BRH:1
end_of_record
TN:
SF:src/routes/components/landing/utils.js
FN:2,(anonymous_0)
FN:3,(anonymous_1)
FN:3,(anonymous_2)
FN:6,(anonymous_3)
FN:7,(anonymous_4)
FN:13,(anonymous_5)
FN:16,(anonymous_6)
FN:17,(anonymous_7)
FN:18,(anonymous_8)
FN:19,(anonymous_9)
FN:26,(anonymous_10)
FN:30,(anonymous_11)
FN:33,(anonymous_12)
FNF:13
FNH:13
FNDA:3,(anonymous_0)
FNDA:8,(anonymous_1)
FNDA:19,(anonymous_2)
FNDA:3,(anonymous_3)
FNDA:15,(anonymous_4)
FNDA:2,(anonymous_5)
FNDA:5,(anonymous_6)
FNDA:5,(anonymous_7)
FNDA:5,(anonymous_8)
FNDA:13,(anonymous_9)
FNDA:4,(anonymous_10)
FNDA:1,(anonymous_11)
FNDA:3,(anonymous_12)
DA:2,1
DA:3,19
DA:6,1
DA:7,15
DA:13,1
DA:14,2
DA:15,2
DA:16,5
DA:17,5
DA:18,2
DA:19,5
DA:20,13
DA:23,2
DA:26,1
DA:27,4
DA:30,1
DA:31,1
DA:33,1
DA:34,3
DA:36,1
LF:20
LH:20
BRF:0
BRH:0
end_of_record
TN:
SF:src/routes/components/landing/terminal/commandHandler.js
FN:8,(anonymous_0)
FN:15,(anonymous_1)
FN:26,(anonymous_2)
FN:29,(anonymous_3)
FN:38,(anonymous_4)
FN:44,(anonymous_5)
FN:45,(anonymous_6)
FN:46,(anonymous_7)
FN:53,(anonymous_8)
FN:80,(anonymous_9)
FN:91,(anonymous_10)
FN:102,(anonymous_11)
FN:109,(anonymous_12)
FN:116,(anonymous_13)
FN:118,(anonymous_14)
FNF:15
FNH:12
FNDA:1,(anonymous_0)
FNDA:0,(anonymous_1)
FNDA:1,(anonymous_2)
FNDA:0,(anonymous_3)
FNDA:1,(anonymous_4)
FNDA:1,(anonymous_5)
FNDA:2,(anonymous_6)
FNDA:4,(anonymous_7)
FNDA:3,(anonymous_8)
FNDA:2,(anonymous_9)
FNDA:2,(anonymous_10)
FNDA:1,(anonymous_11)
FNDA:2,(anonymous_12)
FNDA:16,(anonymous_13)
FNDA:0,(anonymous_14)
DA:3,1
DA:5,1
DA:9,1
DA:10,1
DA:11,1
DA:12,1
DA:13,1
DA:14,1
DA:16,0
DA:17,0
DA:27,1
DA:28,1
DA:30,0
DA:39,1
DA:45,2
DA:46,4
DA:47,1
DA:48,1
DA:54,3
DA:55,2
DA:56,2
DA:57,1
DA:58,1
DA:59,1
DA:61,1
DA:62,2
DA:63,2
DA:65,1
DA:67,1
DA:68,1
DA:69,1
DA:70,1
DA:71,1
DA:72,1
DA:81,2
DA:82,1
DA:83,1
DA:84,1
DA:86,1
DA:92,2
DA:93,1
DA:94,1
DA:95,1
DA:97,1
DA:103,1
DA:104,1
DA:110,2
DA:111,2
DA:116,1
DA:117,16
DA:118,16
DA:119,0
DA:121,16
DA:122,16
DA:123,2
DA:124,2
DA:125,2
DA:126,2
DA:127,2
DA:128,1
DA:129,1
DA:133,14
DA:135,16
DA:136,16
DA:137,16
LF:65
LH:61
BRDA:54,0,0,2
BRDA:54,0,1,1
BRDA:56,1,0,1
BRDA:56,1,1,1
BRDA:81,2,0,1
BRDA:81,2,1,1
BRDA:92,3,0,1
BRDA:92,3,1,1
BRDA:122,4,0,2
BRDA:122,4,1,14
BRDA:123,5,0,2
BRDA:123,5,1,0
BRDA:127,6,0,1
BRDA:127,6,1,1
BRF:14
BRH:13
end_of_record
